<?xml version="1.0" encoding="UTF-8"?>
<!-- Generated by org.testng.reporters.JUnitXMLReporter -->
<testsuite hostname="Ranjit" ignored="0" name="Login" tests="2" failures="1" timestamp="10 Jun 2018 00:31:01 GMT" time="9.728" errors="0">
  <testcase name="launchBrowser" time="4.973" classname="com.testing.Regression.PageLaunch"/>
  <testcase name="verifyPageTitle" time="0.023" classname="com.testing.Regression.PageLaunch">
    <failure type="java.lang.AssertionError" message="Page title did not match expected [My Store] but found [Ranjit]">
      <![CDATA[java.lang.AssertionError: Page title did not match expected [My Store] but found [Ranjit]
at com.testing.Regression.PageLaunch.verifyPageTitle(PageLaunch.java:42)
... Removed 30 stack frames]]>
    </failure>
  </testcase> <!-- verifyPageTitle -->
</testsuite> <!-- Login -->
